This is pdfTeX, Version 3.14159265-2.6-1.40.19 (TeX Live 2018) (preloaded format=pdflatex 2018.6.16)  23 JUL 2018 14:29
entering extended mode
 restricted \write18 enabled.
 %&-line parsing enabled.
**Master.tex
(./Master.tex
LaTeX2e <2018-04-01> patch level 5
(/usr/local/texlive/2018/texmf-dist/tex/latex/beamer/beamer.cls
Document Class: beamer 2018/02/20 v3.50 A class for typesetting presentations
(/usr/local/texlive/2018/texmf-dist/tex/latex/beamer/beamerbasemodes.sty
(/usr/local/texlive/2018/texmf-dist/tex/latex/etoolbox/etoolbox.sty
Package: etoolbox 2018/02/11 v2.5e e-TeX tools for LaTeX (JAW)
\etb@tempcnta=\count80
)
\beamer@tempbox=\box26
\beamer@tempcount=\count81
\c@beamerpauses=\count82

(/usr/local/texlive/2018/texmf-dist/tex/latex/beamer/beamerbasedecode.sty
\beamer@slideinframe=\count83
\beamer@minimum=\count84
)
\beamer@commentbox=\box27
\beamer@modecount=\count85
)
(/usr/local/texlive/2018/texmf-dist/tex/generic/oberdiek/ifpdf.sty
Package: ifpdf 2017/03/15 v3.2 Provides the ifpdf switch
)
\headdp=\dimen102
\footheight=\dimen103
\sidebarheight=\dimen104
\beamer@tempdim=\dimen105
\beamer@finalheight=\dimen106
\beamer@animht=\dimen107
\beamer@animdp=\dimen108
\beamer@animwd=\dimen109
\beamer@leftmargin=\dimen110
\beamer@rightmargin=\dimen111
\beamer@leftsidebar=\dimen112
\beamer@rightsidebar=\dimen113
\beamer@boxsize=\dimen114
\beamer@vboxoffset=\dimen115
\beamer@descdefault=\dimen116
\beamer@descriptionwidth=\dimen117
\beamer@lastskip=\skip41
\beamer@areabox=\box28
\beamer@animcurrent=\box29
\beamer@animshowbox=\box30
\beamer@sectionbox=\box31
\beamer@logobox=\box32
\beamer@linebox=\box33
\beamer@sectioncount=\count86
\beamer@subsubsectionmax=\count87
\beamer@subsectionmax=\count88
\beamer@sectionmax=\count89
\beamer@totalheads=\count90
\beamer@headcounter=\count91
\beamer@partstartpage=\count92
\beamer@sectionstartpage=\count93
\beamer@subsectionstartpage=\count94
\beamer@animationtempa=\count95
\beamer@animationtempb=\count96
\beamer@xpos=\count97
\beamer@ypos=\count98
\beamer@ypos@offset=\count99
\beamer@showpartnumber=\count100
\beamer@currentsubsection=\count101
\beamer@coveringdepth=\count102
\beamer@sectionadjust=\count103
\beamer@tocsectionnumber=\count104

(/usr/local/texlive/2018/texmf-dist/tex/latex/beamer/beamerbaseoptions.sty
(/usr/local/texlive/2018/texmf-dist/tex/latex/graphics/keyval.sty
Package: keyval 2014/10/28 v1.15 key=value parser (DPC)
\KV@toks@=\toks14
))
\beamer@paperwidth=\skip42
\beamer@paperheight=\skip43

(/usr/local/texlive/2018/texmf-dist/tex/latex/geometry/geometry.sty
Package: geometry 2018/04/16 v5.8 Page Geometry

(/usr/local/texlive/2018/texmf-dist/tex/generic/oberdiek/ifvtex.sty
Package: ifvtex 2016/05/16 v1.6 Detect VTeX and its facilities (HO)
Package ifvtex Info: VTeX not detected.
)
(/usr/local/texlive/2018/texmf-dist/tex/generic/ifxetex/ifxetex.sty
Package: ifxetex 2010/09/12 v0.6 Provides ifxetex conditional
)
\Gm@cnth=\count105
\Gm@cntv=\count106
\c@Gm@tempcnt=\count107
\Gm@bindingoffset=\dimen118
\Gm@wd@mp=\dimen119
\Gm@odd@mp=\dimen120
\Gm@even@mp=\dimen121
\Gm@layoutwidth=\dimen122
\Gm@layoutheight=\dimen123
\Gm@layouthoffset=\dimen124
\Gm@layoutvoffset=\dimen125
\Gm@dimlist=\toks15
)
(/usr/local/texlive/2018/texmf-dist/tex/latex/extsizes/size14.clo
File: size14.clo 1999/11/11 v1.4a NON-Standard LaTeX file (size option)
)
(/usr/local/texlive/2018/texmf-dist/tex/latex/pgf/basiclayer/pgfcore.sty
(/usr/local/texlive/2018/texmf-dist/tex/latex/graphics/graphicx.sty
Package: graphicx 2017/06/01 v1.1a Enhanced LaTeX Graphics (DPC,SPQR)

(/usr/local/texlive/2018/texmf-dist/tex/latex/graphics/graphics.sty
Package: graphics 2017/06/25 v1.2c Standard LaTeX Graphics (DPC,SPQR)

(/usr/local/texlive/2018/texmf-dist/tex/latex/graphics/trig.sty
Package: trig 2016/01/03 v1.10 sin cos tan (DPC)
)
(/usr/local/texlive/2018/texmf-dist/tex/latex/graphics-cfg/graphics.cfg
File: graphics.cfg 2016/06/04 v1.11 sample graphics configuration
)
Package graphics Info: Driver file: pdftex.def on input line 99.

(/usr/local/texlive/2018/texmf-dist/tex/latex/graphics-def/pdftex.def
File: pdftex.def 2018/01/08 v1.0l Graphics/color driver for pdftex
))
\Gin@req@height=\dimen126
\Gin@req@width=\dimen127
)
(/usr/local/texlive/2018/texmf-dist/tex/latex/pgf/systemlayer/pgfsys.sty
(/usr/local/texlive/2018/texmf-dist/tex/latex/pgf/utilities/pgfrcs.sty
(/usr/local/texlive/2018/texmf-dist/tex/generic/pgf/utilities/pgfutil-common.te
x
\pgfutil@everybye=\toks16
\pgfutil@tempdima=\dimen128
\pgfutil@tempdimb=\dimen129

(/usr/local/texlive/2018/texmf-dist/tex/generic/pgf/utilities/pgfutil-common-li
sts.tex))
(/usr/local/texlive/2018/texmf-dist/tex/generic/pgf/utilities/pgfutil-latex.def
\pgfutil@abb=\box34
(/usr/local/texlive/2018/texmf-dist/tex/latex/ms/everyshi.sty
Package: everyshi 2001/05/15 v3.00 EveryShipout Package (MS)
))
(/usr/local/texlive/2018/texmf-dist/tex/generic/pgf/utilities/pgfrcs.code.tex
Package: pgfrcs 2015/08/07 v3.0.1a (rcs-revision 1.31)
))
(/usr/local/texlive/2018/texmf-dist/tex/generic/pgf/systemlayer/pgfsys.code.tex
Package: pgfsys 2014/07/09 v3.0.1a (rcs-revision 1.48)
(/usr/local/texlive/2018/texmf-dist/tex/generic/pgf/utilities/pgfkeys.code.tex
\pgfkeys@pathtoks=\toks17
\pgfkeys@temptoks=\toks18

(/usr/local/texlive/2018/texmf-dist/tex/generic/pgf/utilities/pgfkeysfiltered.c
ode.tex
\pgfkeys@tmptoks=\toks19
))
\pgf@x=\dimen130
\pgf@y=\dimen131
\pgf@xa=\dimen132
\pgf@ya=\dimen133
\pgf@xb=\dimen134
\pgf@yb=\dimen135
\pgf@xc=\dimen136
\pgf@yc=\dimen137
\w@pgf@writea=\write3
\r@pgf@reada=\read1
\c@pgf@counta=\count108
\c@pgf@countb=\count109
\c@pgf@countc=\count110
\c@pgf@countd=\count111
\t@pgf@toka=\toks20
\t@pgf@tokb=\toks21
\t@pgf@tokc=\toks22

(/usr/local/texlive/2018/texmf-dist/tex/generic/pgf/systemlayer/pgf.cfg
File: pgf.cfg 2008/05/14  (rcs-revision 1.7)
)
Driver file for pgf: pgfsys-pdftex.def

(/usr/local/texlive/2018/texmf-dist/tex/generic/pgf/systemlayer/pgfsys-pdftex.d
ef
File: pgfsys-pdftex.def 2014/10/11  (rcs-revision 1.35)

(/usr/local/texlive/2018/texmf-dist/tex/generic/pgf/systemlayer/pgfsys-common-p
df.def
File: pgfsys-common-pdf.def 2013/10/10  (rcs-revision 1.13)
)))
(/usr/local/texlive/2018/texmf-dist/tex/generic/pgf/systemlayer/pgfsyssoftpath.
code.tex
File: pgfsyssoftpath.code.tex 2013/09/09  (rcs-revision 1.9)
\pgfsyssoftpath@smallbuffer@items=\count112
\pgfsyssoftpath@bigbuffer@items=\count113
)
(/usr/local/texlive/2018/texmf-dist/tex/generic/pgf/systemlayer/pgfsysprotocol.
code.tex
File: pgfsysprotocol.code.tex 2006/10/16  (rcs-revision 1.4)
)) (/usr/local/texlive/2018/texmf-dist/tex/latex/xcolor/xcolor.sty
Package: xcolor 2016/05/11 v2.12 LaTeX color extensions (UK)

(/usr/local/texlive/2018/texmf-dist/tex/latex/graphics-cfg/color.cfg
File: color.cfg 2016/01/02 v1.6 sample color configuration
)
Package xcolor Info: Driver file: pdftex.def on input line 225.
Package xcolor Info: Model `cmy' substituted by `cmy0' on input line 1348.
Package xcolor Info: Model `hsb' substituted by `rgb' on input line 1352.
Package xcolor Info: Model `RGB' extended on input line 1364.
Package xcolor Info: Model `HTML' substituted by `rgb' on input line 1366.
Package xcolor Info: Model `Hsb' substituted by `hsb' on input line 1367.
Package xcolor Info: Model `tHsb' substituted by `hsb' on input line 1368.
Package xcolor Info: Model `HSB' substituted by `hsb' on input line 1369.
Package xcolor Info: Model `Gray' substituted by `gray' on input line 1370.
Package xcolor Info: Model `wave' substituted by `hsb' on input line 1371.
)
(/usr/local/texlive/2018/texmf-dist/tex/generic/pgf/basiclayer/pgfcore.code.tex
Package: pgfcore 2010/04/11 v3.0.1a (rcs-revision 1.7)
(/usr/local/texlive/2018/texmf-dist/tex/generic/pgf/math/pgfmath.code.tex
(/usr/local/texlive/2018/texmf-dist/tex/generic/pgf/math/pgfmathcalc.code.tex
(/usr/local/texlive/2018/texmf-dist/tex/generic/pgf/math/pgfmathutil.code.tex)
(/usr/local/texlive/2018/texmf-dist/tex/generic/pgf/math/pgfmathparser.code.tex
\pgfmath@dimen=\dimen138
\pgfmath@count=\count114
\pgfmath@box=\box35
\pgfmath@toks=\toks23
\pgfmath@stack@operand=\toks24
\pgfmath@stack@operation=\toks25
)
(/usr/local/texlive/2018/texmf-dist/tex/generic/pgf/math/pgfmathfunctions.code.
tex
(/usr/local/texlive/2018/texmf-dist/tex/generic/pgf/math/pgfmathfunctions.basic
.code.tex)
(/usr/local/texlive/2018/texmf-dist/tex/generic/pgf/math/pgfmathfunctions.trigo
nometric.code.tex)
(/usr/local/texlive/2018/texmf-dist/tex/generic/pgf/math/pgfmathfunctions.rando
m.code.tex)
(/usr/local/texlive/2018/texmf-dist/tex/generic/pgf/math/pgfmathfunctions.compa
rison.code.tex)
(/usr/local/texlive/2018/texmf-dist/tex/generic/pgf/math/pgfmathfunctions.base.
code.tex)
(/usr/local/texlive/2018/texmf-dist/tex/generic/pgf/math/pgfmathfunctions.round
.code.tex)
(/usr/local/texlive/2018/texmf-dist/tex/generic/pgf/math/pgfmathfunctions.misc.
code.tex)
(/usr/local/texlive/2018/texmf-dist/tex/generic/pgf/math/pgfmathfunctions.integ
erarithmetics.code.tex)))
(/usr/local/texlive/2018/texmf-dist/tex/generic/pgf/math/pgfmathfloat.code.tex
\c@pgfmathroundto@lastzeros=\count115
))
(/usr/local/texlive/2018/texmf-dist/tex/generic/pgf/basiclayer/pgfcorepoints.co
de.tex
File: pgfcorepoints.code.tex 2013/10/07  (rcs-revision 1.27)
\pgf@picminx=\dimen139
\pgf@picmaxx=\dimen140
\pgf@picminy=\dimen141
\pgf@picmaxy=\dimen142
\pgf@pathminx=\dimen143
\pgf@pathmaxx=\dimen144
\pgf@pathminy=\dimen145
\pgf@pathmaxy=\dimen146
\pgf@xx=\dimen147
\pgf@xy=\dimen148
\pgf@yx=\dimen149
\pgf@yy=\dimen150
\pgf@zx=\dimen151
\pgf@zy=\dimen152
)
(/usr/local/texlive/2018/texmf-dist/tex/generic/pgf/basiclayer/pgfcorepathconst
ruct.code.tex
File: pgfcorepathconstruct.code.tex 2013/10/07  (rcs-revision 1.29)
\pgf@path@lastx=\dimen153
\pgf@path@lasty=\dimen154
)
(/usr/local/texlive/2018/texmf-dist/tex/generic/pgf/basiclayer/pgfcorepathusage
.code.tex
File: pgfcorepathusage.code.tex 2014/11/02  (rcs-revision 1.24)
\pgf@shorten@end@additional=\dimen155
\pgf@shorten@start@additional=\dimen156
)
(/usr/local/texlive/2018/texmf-dist/tex/generic/pgf/basiclayer/pgfcorescopes.co
de.tex
File: pgfcorescopes.code.tex 2015/05/08  (rcs-revision 1.46)
\pgfpic=\box36
\pgf@hbox=\box37
\pgf@layerbox@main=\box38
\pgf@picture@serial@count=\count116
)
(/usr/local/texlive/2018/texmf-dist/tex/generic/pgf/basiclayer/pgfcoregraphicst
ate.code.tex
File: pgfcoregraphicstate.code.tex 2014/11/02  (rcs-revision 1.12)
\pgflinewidth=\dimen157
)
(/usr/local/texlive/2018/texmf-dist/tex/generic/pgf/basiclayer/pgfcoretransform
ations.code.tex
File: pgfcoretransformations.code.tex 2015/08/07  (rcs-revision 1.20)
\pgf@pt@x=\dimen158
\pgf@pt@y=\dimen159
\pgf@pt@temp=\dimen160
)
(/usr/local/texlive/2018/texmf-dist/tex/generic/pgf/basiclayer/pgfcorequick.cod
e.tex
File: pgfcorequick.code.tex 2008/10/09  (rcs-revision 1.3)
)
(/usr/local/texlive/2018/texmf-dist/tex/generic/pgf/basiclayer/pgfcoreobjects.c
ode.tex
File: pgfcoreobjects.code.tex 2006/10/11  (rcs-revision 1.2)
)
(/usr/local/texlive/2018/texmf-dist/tex/generic/pgf/basiclayer/pgfcorepathproce
ssing.code.tex
File: pgfcorepathprocessing.code.tex 2013/09/09  (rcs-revision 1.9)
)
(/usr/local/texlive/2018/texmf-dist/tex/generic/pgf/basiclayer/pgfcorearrows.co
de.tex
File: pgfcorearrows.code.tex 2015/05/14  (rcs-revision 1.43)
\pgfarrowsep=\dimen161
)
(/usr/local/texlive/2018/texmf-dist/tex/generic/pgf/basiclayer/pgfcoreshade.cod
e.tex
File: pgfcoreshade.code.tex 2013/07/15  (rcs-revision 1.15)
\pgf@max=\dimen162
\pgf@sys@shading@range@num=\count117
)
(/usr/local/texlive/2018/texmf-dist/tex/generic/pgf/basiclayer/pgfcoreimage.cod
e.tex
File: pgfcoreimage.code.tex 2013/07/15  (rcs-revision 1.18)

(/usr/local/texlive/2018/texmf-dist/tex/generic/pgf/basiclayer/pgfcoreexternal.
code.tex
File: pgfcoreexternal.code.tex 2014/07/09  (rcs-revision 1.21)
\pgfexternal@startupbox=\box39
))
(/usr/local/texlive/2018/texmf-dist/tex/generic/pgf/basiclayer/pgfcorelayers.co
de.tex
File: pgfcorelayers.code.tex 2013/07/18  (rcs-revision 1.7)
)
(/usr/local/texlive/2018/texmf-dist/tex/generic/pgf/basiclayer/pgfcoretranspare
ncy.code.tex
File: pgfcoretransparency.code.tex 2013/09/30  (rcs-revision 1.5)
)
(/usr/local/texlive/2018/texmf-dist/tex/generic/pgf/basiclayer/pgfcorepatterns.
code.tex
File: pgfcorepatterns.code.tex 2013/11/07  (rcs-revision 1.5)
)))
(/usr/local/texlive/2018/texmf-dist/tex/latex/pgf/utilities/xxcolor.sty
Package: xxcolor 2003/10/24 ver 0.1
\XC@nummixins=\count118
\XC@countmixins=\count119
)
(/usr/local/texlive/2018/texmf-dist/tex/generic/oberdiek/atbegshi.sty
Package: atbegshi 2016/06/09 v1.18 At begin shipout hook (HO)

(/usr/local/texlive/2018/texmf-dist/tex/generic/oberdiek/infwarerr.sty
Package: infwarerr 2016/05/16 v1.4 Providing info/warning/error messages (HO)
)
(/usr/local/texlive/2018/texmf-dist/tex/generic/oberdiek/ltxcmds.sty
Package: ltxcmds 2016/05/16 v1.23 LaTeX kernel commands for general use (HO)
))
(/usr/local/texlive/2018/texmf-dist/tex/latex/hyperref/hyperref.sty
Package: hyperref 2018/02/06 v6.86b Hypertext links for LaTeX

(/usr/local/texlive/2018/texmf-dist/tex/generic/oberdiek/hobsub-hyperref.sty
Package: hobsub-hyperref 2016/05/16 v1.14 Bundle oberdiek, subset hyperref (HO)


(/usr/local/texlive/2018/texmf-dist/tex/generic/oberdiek/hobsub-generic.sty
Package: hobsub-generic 2016/05/16 v1.14 Bundle oberdiek, subset generic (HO)
Package: hobsub 2016/05/16 v1.14 Construct package bundles (HO)
Package hobsub Info: Skipping package `infwarerr' (already loaded).
Package hobsub Info: Skipping package `ltxcmds' (already loaded).
Package: ifluatex 2016/05/16 v1.4 Provides the ifluatex switch (HO)
Package ifluatex Info: LuaTeX not detected.
Package hobsub Info: Skipping package `ifvtex' (already loaded).
Package: intcalc 2016/05/16 v1.2 Expandable calculations with integers (HO)
Package hobsub Info: Skipping package `ifpdf' (already loaded).
Package: etexcmds 2016/05/16 v1.6 Avoid name clashes with e-TeX commands (HO)
Package etexcmds Info: Could not find \expanded.
(etexcmds)             That can mean that you are not using pdfTeX 1.50 or
(etexcmds)             that some package has redefined \expanded.
(etexcmds)             In the latter case, load this package earlier.
Package: kvsetkeys 2016/05/16 v1.17 Key value parser (HO)
Package: kvdefinekeys 2016/05/16 v1.4 Define keys (HO)
Package: pdftexcmds 2018/01/30 v0.27 Utility functions of pdfTeX for LuaTeX (HO
)
Package pdftexcmds Info: LuaTeX not detected.
Package pdftexcmds Info: \pdf@primitive is available.
Package pdftexcmds Info: \pdf@ifprimitive is available.
Package pdftexcmds Info: \pdfdraftmode found.
Package: pdfescape 2016/05/16 v1.14 Implements pdfTeX's escape features (HO)
Package: bigintcalc 2016/05/16 v1.4 Expandable calculations on big integers (HO
)
Package: bitset 2016/05/16 v1.2 Handle bit-vector datatype (HO)
Package: uniquecounter 2016/05/16 v1.3 Provide unlimited unique counter (HO)
)
Package hobsub Info: Skipping package `hobsub' (already loaded).
Package: letltxmacro 2016/05/16 v1.5 Let assignment for LaTeX macros (HO)
Package: hopatch 2016/05/16 v1.3 Wrapper for package hooks (HO)
Package: xcolor-patch 2016/05/16 xcolor patch
Package: atveryend 2016/05/16 v1.9 Hooks at the very end of document (HO)
Package hobsub Info: Skipping package `atbegshi' (already loaded).
Package: refcount 2016/05/16 v3.5 Data extraction from label references (HO)
Package: hycolor 2016/05/16 v1.8 Color options for hyperref/bookmark (HO)
)
(/usr/local/texlive/2018/texmf-dist/tex/latex/oberdiek/auxhook.sty
Package: auxhook 2016/05/16 v1.4 Hooks for auxiliary files (HO)
)
(/usr/local/texlive/2018/texmf-dist/tex/latex/oberdiek/kvoptions.sty
Package: kvoptions 2016/05/16 v3.12 Key value format for package options (HO)
)
\@linkdim=\dimen163
\Hy@linkcounter=\count120
\Hy@pagecounter=\count121

(/usr/local/texlive/2018/texmf-dist/tex/latex/hyperref/pd1enc.def
File: pd1enc.def 2018/02/06 v6.86b Hyperref: PDFDocEncoding definition (HO)
Now handling font encoding PD1 ...
... no UTF-8 mapping file for font encoding PD1
)
\Hy@SavedSpaceFactor=\count122

(/usr/local/texlive/2018/texmf-dist/tex/latex/latexconfig/hyperref.cfg
File: hyperref.cfg 2002/06/06 v1.2 hyperref configuration of TeXLive
)
Package hyperref Info: Option `bookmarks' set `true' on input line 4383.
Package hyperref Info: Option `bookmarksopen' set `true' on input line 4383.
Package hyperref Info: Option `implicit' set `false' on input line 4383.
Package hyperref Info: Hyper figures OFF on input line 4509.
Package hyperref Info: Link nesting OFF on input line 4514.
Package hyperref Info: Hyper index ON on input line 4517.
Package hyperref Info: Plain pages OFF on input line 4524.
Package hyperref Info: Backreferencing OFF on input line 4529.
Package hyperref Info: Implicit mode OFF; no redefinition of LaTeX internals.
Package hyperref Info: Bookmarks ON on input line 4762.
\c@Hy@tempcnt=\count123

(/usr/local/texlive/2018/texmf-dist/tex/latex/url/url.sty
\Urlmuskip=\muskip10
Package: url 2013/09/16  ver 3.4  Verb mode for urls, etc.
)
LaTeX Info: Redefining \url on input line 5115.
\XeTeXLinkMargin=\dimen164
\Fld@menulength=\count124
\Field@Width=\dimen165
\Fld@charsize=\dimen166
Package hyperref Info: Hyper figures OFF on input line 6369.
Package hyperref Info: Link nesting OFF on input line 6374.
Package hyperref Info: Hyper index ON on input line 6377.
Package hyperref Info: backreferencing OFF on input line 6384.
Package hyperref Info: Link coloring OFF on input line 6389.
Package hyperref Info: Link coloring with OCG OFF on input line 6394.
Package hyperref Info: PDF/A mode OFF on input line 6399.
LaTeX Info: Redefining \ref on input line 6439.
LaTeX Info: Redefining \pageref on input line 6443.
\Hy@abspage=\count125


Package hyperref Message: Stopped early.

)
Package hyperref Info: Driver (autodetected): hpdftex.
 (/usr/local/texlive/2018/texmf-dist/tex/latex/hyperref/hpdftex.def
File: hpdftex.def 2018/02/06 v6.86b Hyperref driver for pdfTeX
\Fld@listcount=\count126
\c@bookmark@seq@number=\count127

(/usr/local/texlive/2018/texmf-dist/tex/latex/oberdiek/rerunfilecheck.sty
Package: rerunfilecheck 2016/05/16 v1.8 Rerun checks for auxiliary files (HO)
Package uniquecounter Info: New unique counter `rerunfilecheck' on input line 2
82.
))
(/usr/local/texlive/2018/texmf-dist/tex/latex/beamer/beamerbaserequires.sty
(/usr/local/texlive/2018/texmf-dist/tex/latex/beamer/beamerbasecompatibility.st
y) (/usr/local/texlive/2018/texmf-dist/tex/latex/beamer/beamerbasefont.sty
(/usr/local/texlive/2018/texmf-dist/tex/latex/amsfonts/amssymb.sty
Package: amssymb 2013/01/14 v3.01 AMS font symbols

(/usr/local/texlive/2018/texmf-dist/tex/latex/amsfonts/amsfonts.sty
Package: amsfonts 2013/01/14 v3.01 Basic AMSFonts support
\@emptytoks=\toks26
\symAMSa=\mathgroup4
\symAMSb=\mathgroup5
LaTeX Font Info:    Overwriting math alphabet `\mathfrak' in version `bold'
(Font)                  U/euf/m/n --> U/euf/b/n on input line 106.
))
(/usr/local/texlive/2018/texmf-dist/tex/latex/sansmathaccent/sansmathaccent.sty
Package: sansmathaccent 2013/03/28
(/usr/local/texlive/2018/texmf-dist/tex/latex/filehook/filehook.sty
Package: filehook 2011/10/12 v0.5d Hooks for input files
)))
(/usr/local/texlive/2018/texmf-dist/tex/latex/beamer/beamerbasetranslator.sty
(/usr/local/texlive/2018/texmf-dist/tex/latex/translator/translator.sty
Package: translator 2018/01/04 v1.12 Easy translation of strings in LaTeX
))
(/usr/local/texlive/2018/texmf-dist/tex/latex/beamer/beamerbasemisc.sty)
(/usr/local/texlive/2018/texmf-dist/tex/latex/beamer/beamerbasetwoscreens.sty)
(/usr/local/texlive/2018/texmf-dist/tex/latex/beamer/beamerbaseoverlay.sty
\beamer@argscount=\count128
\beamer@lastskipcover=\skip44
\beamer@trivlistdepth=\count129
)
(/usr/local/texlive/2018/texmf-dist/tex/latex/beamer/beamerbasetitle.sty)
(/usr/local/texlive/2018/texmf-dist/tex/latex/beamer/beamerbasesection.sty
\c@lecture=\count130
\c@part=\count131
\c@section=\count132
\c@subsection=\count133
\c@subsubsection=\count134
)
(/usr/local/texlive/2018/texmf-dist/tex/latex/beamer/beamerbaseframe.sty
\beamer@framebox=\box40
\beamer@frametitlebox=\box41
\beamer@zoombox=\box42
\beamer@zoomcount=\count135
\beamer@zoomframecount=\count136
\beamer@frametextheight=\dimen167
\c@subsectionslide=\count137
\beamer@frametopskip=\skip45
\beamer@framebottomskip=\skip46
\beamer@frametopskipautobreak=\skip47
\beamer@framebottomskipautobreak=\skip48
\beamer@envbody=\toks27
\framewidth=\dimen168
\c@framenumber=\count138
)
(/usr/local/texlive/2018/texmf-dist/tex/latex/beamer/beamerbaseverbatim.sty
\beamer@verbatimfileout=\write4
)
(/usr/local/texlive/2018/texmf-dist/tex/latex/beamer/beamerbaseframesize.sty
\beamer@splitbox=\box43
\beamer@autobreakcount=\count139
\beamer@autobreaklastheight=\dimen169
\beamer@frametitletoks=\toks28
\beamer@framesubtitletoks=\toks29
)
(/usr/local/texlive/2018/texmf-dist/tex/latex/beamer/beamerbaseframecomponents.
sty
\beamer@footins=\box44
) (/usr/local/texlive/2018/texmf-dist/tex/latex/beamer/beamerbasecolor.sty
\beamer@bg@ht=\dimen170
\beamer@bg@wd=\dimen171
\beamer@bg@dp=\dimen172
)
(/usr/local/texlive/2018/texmf-dist/tex/latex/beamer/beamerbasenotes.sty
\beamer@frameboxcopy=\box45
)
(/usr/local/texlive/2018/texmf-dist/tex/latex/beamer/beamerbasetoc.sty)
(/usr/local/texlive/2018/texmf-dist/tex/latex/beamer/beamerbasetemplates.sty
\beamer@sbttoks=\toks30

(/usr/local/texlive/2018/texmf-dist/tex/latex/beamer/beamerbaseauxtemplates.sty
(/usr/local/texlive/2018/texmf-dist/tex/latex/beamer/beamerbaseboxes.sty
\bmb@box=\box46
\bmb@colorbox=\box47
\bmb@boxshadow=\box48
\bmb@boxshadowball=\box49
\bmb@boxshadowballlarge=\box50
\bmb@temp=\dimen173
\bmb@dima=\dimen174
\bmb@dimb=\dimen175
\bmb@prevheight=\dimen176
)
\beamer@blockheadheight=\dimen177
))
(/usr/local/texlive/2018/texmf-dist/tex/latex/beamer/beamerbaselocalstructure.s
ty (/usr/local/texlive/2018/texmf-dist/tex/latex/tools/enumerate.sty
Package: enumerate 2015/07/23 v3.00 enumerate extensions (DPC)
\@enLab=\toks31
)
\c@figure=\count140
\c@table=\count141
\abovecaptionskip=\skip49
\belowcaptionskip=\skip50
)
(/usr/local/texlive/2018/texmf-dist/tex/latex/beamer/beamerbasenavigation.sty
\beamer@section@min@dim=\dimen178
)
(/usr/local/texlive/2018/texmf-dist/tex/latex/beamer/beamerbasetheorems.sty
(/usr/local/texlive/2018/texmf-dist/tex/latex/amsmath/amsmath.sty
Package: amsmath 2017/09/02 v2.17a AMS math features
\@mathmargin=\skip51

For additional information on amsmath, use the `?' option.
(/usr/local/texlive/2018/texmf-dist/tex/latex/amsmath/amstext.sty
Package: amstext 2000/06/29 v2.01 AMS text

(/usr/local/texlive/2018/texmf-dist/tex/latex/amsmath/amsgen.sty
File: amsgen.sty 1999/11/30 v2.0 generic functions
\@emptytoks=\toks32
\ex@=\dimen179
))
(/usr/local/texlive/2018/texmf-dist/tex/latex/amsmath/amsbsy.sty
Package: amsbsy 1999/11/29 v1.2d Bold Symbols
\pmbraise@=\dimen180
)
(/usr/local/texlive/2018/texmf-dist/tex/latex/amsmath/amsopn.sty
Package: amsopn 2016/03/08 v2.02 operator names
)
\inf@bad=\count142
LaTeX Info: Redefining \frac on input line 213.
\uproot@=\count143
\leftroot@=\count144
LaTeX Info: Redefining \overline on input line 375.
\classnum@=\count145
\DOTSCASE@=\count146
LaTeX Info: Redefining \ldots on input line 472.
LaTeX Info: Redefining \dots on input line 475.
LaTeX Info: Redefining \cdots on input line 596.
\Mathstrutbox@=\box51
\strutbox@=\box52
\big@size=\dimen181
LaTeX Font Info:    Redeclaring font encoding OML on input line 712.
LaTeX Font Info:    Redeclaring font encoding OMS on input line 713.
\macc@depth=\count147
\c@MaxMatrixCols=\count148
\dotsspace@=\muskip11
\c@parentequation=\count149
\dspbrk@lvl=\count150
\tag@help=\toks33
\row@=\count151
\column@=\count152
\maxfields@=\count153
\andhelp@=\toks34
\eqnshift@=\dimen182
\alignsep@=\dimen183
\tagshift@=\dimen184
\tagwidth@=\dimen185
\totwidth@=\dimen186
\lineht@=\dimen187
\@envbody=\toks35
\multlinegap=\skip52
\multlinetaggap=\skip53
\mathdisplay@stack=\toks36
LaTeX Info: Redefining \[ on input line 2817.
LaTeX Info: Redefining \] on input line 2818.
)
(/usr/local/texlive/2018/texmf-dist/tex/latex/amscls/amsthm.sty
Package: amsthm 2017/10/31 v2.20.4
\thm@style=\toks37
\thm@bodyfont=\toks38
\thm@headfont=\toks39
\thm@notefont=\toks40
\thm@headpunct=\toks41
\thm@preskip=\skip54
\thm@postskip=\skip55
\thm@headsep=\skip56
\dth@everypar=\toks42
)
\c@theorem=\count154
)
(/usr/local/texlive/2018/texmf-dist/tex/latex/beamer/beamerbasethemes.sty))
(/usr/local/texlive/2018/texmf-dist/tex/latex/beamer/beamerthemedefault.sty
(/usr/local/texlive/2018/texmf-dist/tex/latex/beamer/beamerfontthemedefault.sty
)
(/usr/local/texlive/2018/texmf-dist/tex/latex/beamer/beamercolorthemedefault.st
y)
(/usr/local/texlive/2018/texmf-dist/tex/latex/beamer/beamerinnerthemedefault.st
y
\beamer@dima=\dimen188
\beamer@dimb=\dimen189
)
(/usr/local/texlive/2018/texmf-dist/tex/latex/beamer/beamerouterthemedefault.st
y))) (/usr/local/texlive/2018/texmf-dist/tex/latex/framed/framed.sty
Package: framed 2011/10/22 v 0.96: framed or shaded text with page breaks
\OuterFrameSep=\skip57
\fb@frw=\dimen190
\fb@frh=\dimen191
\FrameRule=\dimen192
\FrameSep=\dimen193
)
(/usr/local/texlive/2018/texmf-dist/tex/latex/base/alltt.sty
Package: alltt 1997/06/16 v2.0g defines alltt environment
)
(/usr/local/texlive/2018/texmf-dist/tex/latex/beamer/beamerthemeCambridgeUS.sty

(/usr/local/texlive/2018/texmf-dist/tex/latex/beamer/beamerinnerthemerounded.st
y)
(/usr/local/texlive/2018/texmf-dist/tex/latex/beamer/beamerouterthemeinfolines.
sty)
(/usr/local/texlive/2018/texmf-dist/tex/latex/beamer/beamercolorthemebeaver.sty
)) (/usr/local/texlive/2018/texmf-dist/tex/generic/babel/babel.sty
Package: babel 2018/06/05 3.22 The Babel package

(/usr/local/texlive/2018/texmf-dist/tex/generic/babel/switch.def
File: switch.def 2018/06/05 3.22 Babel switching mechanism
)
(/usr/local/texlive/2018/texmf-dist/tex/generic/babel-english/english.ldf
Language: english 2017/06/06 v3.3r English support from the babel system

(/usr/local/texlive/2018/texmf-dist/tex/generic/babel/babel.def
File: babel.def 2018/06/05 3.22 Babel common definitions
\babel@savecnt=\count155
\U@D=\dimen194

(/usr/local/texlive/2018/texmf-dist/tex/generic/babel/txtbabel.def)
LaTeX Info: Redefining \textlatin on input line 1915.
\bbl@dirlevel=\count156
)
\l@canadian = a dialect from \language\l@american 
\l@australian = a dialect from \language\l@british 
\l@newzealand = a dialect from \language\l@british 
))
(/usr/local/texlive/2018/texmf-dist/tex/latex/tools/verbatim.sty
Package: verbatim 2014/10/28 v1.5q LaTeX2e package for verbatim enhancements
\every@verbatim=\toks43
\verbatim@line=\toks44
\verbatim@in@stream=\read2
)
(/usr/local/texlive/2018/texmf-dist/tex/latex/upquote/upquote.sty
Package: upquote 2012/04/19 v1.3 upright-quote and grave-accent glyphs in verba
tim
)
(./Master.aux)
\openout1 = `Master.aux'.

LaTeX Font Info:    Checking defaults for OML/cmm/m/it on input line 81.
LaTeX Font Info:    ... okay on input line 81.
LaTeX Font Info:    Checking defaults for T1/cmr/m/n on input line 81.
LaTeX Font Info:    ... okay on input line 81.
LaTeX Font Info:    Checking defaults for OT1/cmr/m/n on input line 81.
LaTeX Font Info:    ... okay on input line 81.
LaTeX Font Info:    Checking defaults for OMS/cmsy/m/n on input line 81.
LaTeX Font Info:    ... okay on input line 81.
LaTeX Font Info:    Checking defaults for OMX/cmex/m/n on input line 81.
LaTeX Font Info:    ... okay on input line 81.
LaTeX Font Info:    Checking defaults for U/cmr/m/n on input line 81.
LaTeX Font Info:    ... okay on input line 81.
LaTeX Font Info:    Checking defaults for PD1/pdf/m/n on input line 81.
LaTeX Font Info:    ... okay on input line 81.

*geometry* driver: auto-detecting
*geometry* detected driver: pdftex
*geometry* verbose mode - [ preamble ] result:
* driver: pdftex
* paper: custom
* layout: <same size as paper>
* layoutoffset:(h,v)=(0.0pt,0.0pt)
* modes: includehead includefoot 
* h-part:(L,W,R)=(14.09984pt, 335.99568pt, 14.09984pt)
* v-part:(T,H,B)=(0.0pt, 273.14662pt, 0.0pt)
* \paperwidth=364.19536pt
* \paperheight=273.14662pt
* \textwidth=335.99568pt
* \textheight=244.6939pt
* \oddsidemargin=-58.17015pt
* \evensidemargin=-58.17015pt
* \topmargin=-72.26999pt
* \headheight=14.22636pt
* \headsep=0.0pt
* \topskip=14.0pt
* \footskip=14.22636pt
* \marginparwidth=4.0pt
* \marginparsep=10.0pt
* \columnsep=10.0pt
* \skip\footins=12.0pt plus 4.0pt minus 2.0pt
* \hoffset=0.0pt
* \voffset=0.0pt
* \mag=1000
* \@twocolumnfalse
* \@twosidefalse
* \@mparswitchfalse
* \@reversemarginfalse
* (1in=72.27pt=25.4mm, 1cm=28.453pt)

(/usr/local/texlive/2018/texmf-dist/tex/context/base/mkii/supp-pdf.mkii
[Loading MPS to PDF converter (version 2006.09.02).]
\scratchcounter=\count157
\scratchdimen=\dimen195
\scratchbox=\box53
\nofMPsegments=\count158
\nofMParguments=\count159
\everyMPshowfont=\toks45
\MPscratchCnt=\count160
\MPscratchDim=\dimen196
\MPnumerator=\count161
\makeMPintoPDFobject=\count162
\everyMPtoPDFconversion=\toks46
) (/usr/local/texlive/2018/texmf-dist/tex/latex/oberdiek/epstopdf-base.sty
Package: epstopdf-base 2016/05/15 v2.6 Base part for package epstopdf

(/usr/local/texlive/2018/texmf-dist/tex/latex/oberdiek/grfext.sty
Package: grfext 2016/05/16 v1.2 Manage graphics extensions (HO)
)
Package epstopdf-base Info: Redefining graphics rule for `.eps' on input line 4
38.
Package grfext Info: Graphics extension search list:
(grfext)             [.pdf,.png,.jpg,.mps,.jpeg,.jbig2,.jb2,.PDF,.PNG,.JPG,.JPE
G,.JBIG2,.JB2,.eps]
(grfext)             \AppendGraphicsExtensions on input line 456.

(/usr/local/texlive/2018/texmf-dist/tex/latex/latexconfig/epstopdf-sys.cfg
File: epstopdf-sys.cfg 2010/07/13 v1.3 Configuration of (r)epstopdf for TeX Liv
e
))
ABD: EveryShipout initializing macros
\AtBeginShipoutBox=\box54
Package hyperref Info: Link coloring OFF on input line 81.

(/usr/local/texlive/2018/texmf-dist/tex/latex/hyperref/nameref.sty
Package: nameref 2016/05/21 v2.44 Cross-referencing by name of section

(/usr/local/texlive/2018/texmf-dist/tex/generic/oberdiek/gettitlestring.sty
Package: gettitlestring 2016/05/16 v1.5 Cleanup title references (HO)
)
\c@section@level=\count163
)
LaTeX Info: Redefining \ref on input line 81.
LaTeX Info: Redefining \pageref on input line 81.
LaTeX Info: Redefining \nameref on input line 81.

(./Master.out) (./Master.out)
\@outlinefile=\write5
\openout5 = `Master.out'.

LaTeX Font Info:    Overwriting symbol font `operators' in version `normal'
(Font)                  OT1/cmr/m/n --> OT1/cmss/m/n on input line 81.
LaTeX Font Info:    Overwriting symbol font `operators' in version `bold'
(Font)                  OT1/cmr/bx/n --> OT1/cmss/bx/n on input line 81.
\symnumbers=\mathgroup6
\sympureletters=\mathgroup7
LaTeX Font Info:    Overwriting math alphabet `\mathrm' in version `normal'
(Font)                  OT1/cmss/m/n --> OT1/cmr/m/n on input line 81.
LaTeX Font Info:    Redeclaring math alphabet \mathbf on input line 81.
LaTeX Font Info:    Overwriting math alphabet `\mathbf' in version `normal'
(Font)                  OT1/cmr/bx/n --> OT1/cmss/bx/n on input line 81.
LaTeX Font Info:    Overwriting math alphabet `\mathbf' in version `bold'
(Font)                  OT1/cmr/bx/n --> OT1/cmss/bx/n on input line 81.
LaTeX Font Info:    Redeclaring math alphabet \mathsf on input line 81.
LaTeX Font Info:    Overwriting math alphabet `\mathsf' in version `normal'
(Font)                  OT1/cmss/m/n --> OT1/cmss/m/n on input line 81.
LaTeX Font Info:    Overwriting math alphabet `\mathsf' in version `bold'
(Font)                  OT1/cmss/bx/n --> OT1/cmss/m/n on input line 81.
LaTeX Font Info:    Redeclaring math alphabet \mathit on input line 81.
LaTeX Font Info:    Overwriting math alphabet `\mathit' in version `normal'
(Font)                  OT1/cmr/m/it --> OT1/cmss/m/it on input line 81.
LaTeX Font Info:    Overwriting math alphabet `\mathit' in version `bold'
(Font)                  OT1/cmr/bx/it --> OT1/cmss/m/it on input line 81.
LaTeX Font Info:    Redeclaring math alphabet \mathtt on input line 81.
LaTeX Font Info:    Overwriting math alphabet `\mathtt' in version `normal'
(Font)                  OT1/cmtt/m/n --> OT1/cmtt/m/n on input line 81.
LaTeX Font Info:    Overwriting math alphabet `\mathtt' in version `bold'
(Font)                  OT1/cmtt/m/n --> OT1/cmtt/m/n on input line 81.
LaTeX Font Info:    Overwriting symbol font `numbers' in version `bold'
(Font)                  OT1/cmss/m/n --> OT1/cmss/bx/n on input line 81.
LaTeX Font Info:    Overwriting symbol font `pureletters' in version `bold'
(Font)                  OT1/cmss/m/it --> OT1/cmss/bx/it on input line 81.
LaTeX Font Info:    Overwriting math alphabet `\mathrm' in version `bold'
(Font)                  OT1/cmss/bx/n --> OT1/cmr/bx/n on input line 81.
LaTeX Font Info:    Overwriting math alphabet `\mathbf' in version `bold'
(Font)                  OT1/cmss/bx/n --> OT1/cmss/bx/n on input line 81.
LaTeX Font Info:    Overwriting math alphabet `\mathsf' in version `bold'
(Font)                  OT1/cmss/m/n --> OT1/cmss/bx/n on input line 81.
LaTeX Font Info:    Overwriting math alphabet `\mathit' in version `bold'
(Font)                  OT1/cmss/m/it --> OT1/cmss/bx/it on input line 81.
LaTeX Font Info:    Overwriting math alphabet `\mathtt' in version `bold'
(Font)                  OT1/cmtt/m/n --> OT1/cmtt/bx/n on input line 81.
LaTeX Font Info:    Redeclaring symbol font `pureletters' on input line 81.
LaTeX Font Info:    Overwriting symbol font `pureletters' in version `normal'
(Font)                  OT1/cmss/m/it --> OT1/mathkerncmss/m/sl on input line 8
1.
LaTeX Font Info:    Overwriting symbol font `pureletters' in version `bold'
(Font)                  OT1/cmss/bx/it --> OT1/mathkerncmss/m/sl on input line 
81.
LaTeX Font Info:    Overwriting symbol font `pureletters' in version `bold'
(Font)                  OT1/mathkerncmss/m/sl --> OT1/mathkerncmss/bx/sl on inp
ut line 81.

(/usr/local/texlive/2018/texmf-dist/tex/latex/translator/translator-basic-dicti
onary-English.dict
Dictionary: translator-basic-dictionary, Language: English 
)
(/usr/local/texlive/2018/texmf-dist/tex/latex/translator/translator-bibliograph
y-dictionary-English.dict
Dictionary: translator-bibliography-dictionary, Language: English 
)
(/usr/local/texlive/2018/texmf-dist/tex/latex/translator/translator-environment
-dictionary-English.dict
Dictionary: translator-environment-dictionary, Language: English 
)
(/usr/local/texlive/2018/texmf-dist/tex/latex/translator/translator-months-dict
ionary-English.dict
Dictionary: translator-months-dictionary, Language: English 
)
(/usr/local/texlive/2018/texmf-dist/tex/latex/translator/translator-numbers-dic
tionary-English.dict
Dictionary: translator-numbers-dictionary, Language: English 
)
(/usr/local/texlive/2018/texmf-dist/tex/latex/translator/translator-theorem-dic
tionary-English.dict
Dictionary: translator-theorem-dictionary, Language: English 
) (./Master.nav) [1

{/usr/local/texlive/2018/texmf-var/fonts/map/pdftex/updmap/pdftex.map}]
\openout4 = `Master.vrb'.

 (./Master.vrb) [2

]
\openout4 = `Master.vrb'.

 (./Master.vrb) [3

]
\openout4 = `Master.vrb'.


(./Master.vrb) [4

]
\openout4 = `Master.vrb'.

 (./Master.vrb) [5

]
\openout4 = `Master.vrb'.

 (./Master.vrb) [6

]
\openout4 = `Master.vrb'.

 (./Master.vrb)
[7

]
\openout4 = `Master.vrb'.

 (./Master.vrb) [8

]
\openout4 = `Master.vrb'.

 (./Master.vrb) [9

]
\openout4 = `Master.vrb'.

 (./Master.vrb) [10

]
\openout4 = `Master.vrb'.

 (./Master.vrb)
[11

]
\openout4 = `Master.vrb'.

 (./Master.vrb) [12

]
\openout4 = `Master.vrb'.

 (./Master.vrb) [13

]
\openout4 = `Master.vrb'.

 (./Master.vrb) [14

]
\openout4 = `Master.vrb'.

 (./Master.vrb) [15

]
\openout4 = `Master.vrb'.

 (./Master.vrb) [16

]
\openout4 = `Master.vrb'.

 (./Master.vrb) [17

]
\openout4 = `Master.vrb'.

 (./Master.vrb) [18

]
\openout4 = `Master.vrb'.

 (./Master.vrb) [19

]
\openout4 = `Master.vrb'.

 (./Master.vrb) [20

]
\openout4 = `Master.vrb'.

 (./Master.vrb) [21

]
\openout4 = `Master.vrb'.

 (./Master.vrb) [22

]
\openout4 = `Master.vrb'.


(./Master.vrb) [23

]
\openout4 = `Master.vrb'.

 (./Master.vrb) [24

]
\openout4 = `Master.vrb'.

 (./Master.vrb) [25

]
\openout4 = `Master.vrb'.

 (./Master.vrb)
[26

]
\openout4 = `Master.vrb'.

 (./Master.vrb) [27

]
\openout4 = `Master.vrb'.

 (./Master.vrb) [28

]
\openout4 = `Master.vrb'.

 (./Master.vrb) [29

]
\openout4 = `Master.vrb'.

 (./Master.vrb) [30

]
\openout4 = `Master.vrb'.

 (./Master.vrb) [31

]
\openout4 = `Master.vrb'.

 (./Master.vrb
LaTeX Font Info:    Try loading font information for U+msa on input line 5.

(/usr/local/texlive/2018/texmf-dist/tex/latex/amsfonts/umsa.fd
File: umsa.fd 2013/01/14 v3.01 AMS symbols A
)
LaTeX Font Info:    Try loading font information for U+msb on input line 5.

(/usr/local/texlive/2018/texmf-dist/tex/latex/amsfonts/umsb.fd
File: umsb.fd 2013/01/14 v3.01 AMS symbols B
)
LaTeX Font Info:    Try loading font information for OT1+mathkerncmss on input 
line 5.

(/usr/local/texlive/2018/texmf-dist/tex/latex/sansmathaccent/ot1mathkerncmss.fd
File: ot1mathkerncmss.fd 2013/03/27 Fontinst v1.933 font definitions for OT1/ma
thkerncmss.
)) [32

]
\openout4 = `Master.vrb'.

 (./Master.vrb) [33

]
\openout4 = `Master.vrb'.

 (./Master.vrb) [34

]
\openout4 = `Master.vrb'.

 (./Master.vrb) [35

]
\openout4 = `Master.vrb'.


(./Master.vrb) [36

]
\openout4 = `Master.vrb'.

 (./Master.vrb) [37

]
\openout4 = `Master.vrb'.

 (./Master.vrb) [38

]
\openout4 = `Master.vrb'.

 (./Master.vrb
<figure/LBL2e-1.pdf, id=1127, 289.08pt x 289.08pt>
File: figure/LBL2e-1.pdf Graphic file (type pdf)
<use figure/LBL2e-1.pdf>
Package pdftex.def Info: figure/LBL2e-1.pdf  used on input line 11.
(pdftex.def)             Requested size: 113.81102pt x 113.8082pt.
)
[39

 <./figure/LBL2e-1.pdf>]
\openout4 = `Master.vrb'.

 (./Master.vrb
<figure/LBL2f-1.pdf, id=1161, 289.08pt x 289.08pt>
File: figure/LBL2f-1.pdf Graphic file (type pdf)
<use figure/LBL2f-1.pdf>
Package pdftex.def Info: figure/LBL2f-1.pdf  used on input line 22.
(pdftex.def)             Requested size: 99.58464pt x 99.58272pt.
) [40

 <./figure/LBL2f-1.pdf>]
\openout4 = `Master.vrb'.


(./Master.vrb
<chapters/chapter2/ext_figure/dotchart.png, id=1194, 469.755pt x 359.3425pt>
File: chapters/chapter2/ext_figure/dotchart.png Graphic file (type png)
<use chapters/chapter2/ext_figure/dotchart.png>
Package pdftex.def Info: chapters/chapter2/ext_figure/dotchart.png  used on inp
ut line 11.
(pdftex.def)             Requested size: 113.81102pt x 87.06094pt.
) [41

 <./chapters/chapter2/ext_figure/dotchart.png>]
\openout4 = `Master.vrb'.

 (./Master.vrb) [42

]
\openout4 = `Master.vrb'.

 (./Master.vrb) [43

]
\openout4 = `Master.vrb'.

 (./Master.vrb) [44

]
\openout4 = `Master.vrb'.

 (./Master.vrb
<figure/LBL2Aa-1.pdf, id=1307, 289.08pt x 216.81pt>
File: figure/LBL2Aa-1.pdf Graphic file (type pdf)
<use figure/LBL2Aa-1.pdf>
Package pdftex.def Info: figure/LBL2Aa-1.pdf  used on input line 12.
(pdftex.def)             Requested size: 142.26378pt x 106.69766pt.
) [45

 <./figure/LBL2Aa-1.pdf>]
\openout4 = `Master.vrb'.

 (./Master.vrb) [46

]
\openout4 = `Master.vrb'.

 (./Master.vrb) [47

]
\openout4 = `Master.vrb'.

 (./Master.vrb) [48

]
\openout4 = `Master.vrb'.


(./Master.vrb) [49

]
\openout4 = `Master.vrb'.

 (./Master.vrb) [50

]
\openout4 = `Master.vrb'.

 (./Master.vrb) [51

]
\openout4 = `Master.vrb'.

 (./Master.vrb)
[52

] (./Master.vrb) [53

] (./Master.vrb) [54

] (./Master.vrb) [55

] (./Master.vrb) [56

] (./Master.vrb) [57

] (./Master.vrb) [58

]
\openout4 = `Master.vrb'.

 (./Master.vrb) [59

] (./Master.vrb) [60

] (./Master.vrb) [61

] (./Master.vrb) [62

]
\openout4 = `Master.vrb'.

 (./Master.vrb) [63

]
\openout4 = `Master.vrb'.


(./Master.vrb) [64

]
\openout4 = `Master.vrb'.

 (./Master.vrb
<figure/LBL2Ac-1.pdf, id=1864, 289.08pt x 216.81pt>
File: figure/LBL2Ac-1.pdf Graphic file (type pdf)
<use figure/LBL2Ac-1.pdf>
Package pdftex.def Info: figure/LBL2Ac-1.pdf  used on input line 4.
(pdftex.def)             Requested size: 142.26378pt x 106.69766pt.
) [65

 <./figure/LBL2Ac-1.pdf>] (./Master.vrb
File: figure/LBL2Ac-1.pdf Graphic file (type pdf)
<use figure/LBL2Ac-1.pdf>
Package pdftex.def Info: figure/LBL2Ac-1.pdf  used on input line 4.
(pdftex.def)             Requested size: 142.26378pt x 106.69766pt.
)
[66

] (./Master.vrb
File: figure/LBL2Ac-1.pdf Graphic file (type pdf)
<use figure/LBL2Ac-1.pdf>
Package pdftex.def Info: figure/LBL2Ac-1.pdf  used on input line 4.
(pdftex.def)             Requested size: 142.26378pt x 106.69766pt.
) [67

] (./Master.vrb
File: figure/LBL2Ac-1.pdf Graphic file (type pdf)
<use figure/LBL2Ac-1.pdf>
Package pdftex.def Info: figure/LBL2Ac-1.pdf  used on input line 4.
(pdftex.def)             Requested size: 142.26378pt x 106.69766pt.
) [68

] (./Master.vrb
File: figure/LBL2Ac-1.pdf Graphic file (type pdf)
<use figure/LBL2Ac-1.pdf>
Package pdftex.def Info: figure/LBL2Ac-1.pdf  used on input line 4.
(pdftex.def)             Requested size: 142.26378pt x 106.69766pt.
) [69

]
\openout4 = `Master.vrb'.

 (./Master.vrb
<figure/LBL2Ad-1.pdf, id=2007, 289.08pt x 289.08pt>
File: figure/LBL2Ad-1.pdf Graphic file (type pdf)
<use figure/LBL2Ad-1.pdf>
Package pdftex.def Info: figure/LBL2Ad-1.pdf  used on input line 4.
(pdftex.def)             Requested size: 170.71652pt x 170.71451pt.
) [70

 <./figure/LBL2Ad-1.pdf>]
\openout4 = `Master.vrb'.

 (./Master.vrb) [71

]
\openout4 = `Master.vrb'.

 (./Master.vrb) [72

]
\openout4 = `Master.vrb'.


(./Master.vrb) [73

]
\openout4 = `Master.vrb'.

 (./Master.vrb) [74

] (./Master.vrb) [75

] (./Master.vrb)
[76

] (./Master.vrb) [77

]
\openout4 = `Master.vrb'.

 (./Master.vrb) [78

]
\openout4 = `Master.vrb'.

 (./Master.vrb
<figure/LBL2Ae-1.pdf, id=2260, 289.08pt x 216.81pt>
File: figure/LBL2Ae-1.pdf Graphic file (type pdf)
<use figure/LBL2Ae-1.pdf>
Package pdftex.def Info: figure/LBL2Ae-1.pdf  used on input line 20.
(pdftex.def)             Requested size: 142.26378pt x 106.69766pt.
) [79

 <./figure/LBL2Ae-1.pdf>]
\openout4 = `Master.vrb'.

 (./Master.vrb) [80

]
\openout4 = `Master.vrb'.

 (./Master.vrb) [81

]
\openout4 = `Master.vrb'.

 (./Master.vrb
<figure/LBL3a-1.pdf, id=2350, 289.08pt x 208.78pt>
File: figure/LBL3a-1.pdf Graphic file (type pdf)
<use figure/LBL3a-1.pdf>
Package pdftex.def Info: figure/LBL3a-1.pdf  used on input line 4.
(pdftex.def)             Requested size: 170.71652pt x 123.2938pt.
) [82

 <./figure/LBL3a-1.pdf>] (./Master.vrb
File: figure/LBL3a-1.pdf Graphic file (type pdf)
<use figure/LBL3a-1.pdf>
Package pdftex.def Info: figure/LBL3a-1.pdf  used on input line 4.
(pdftex.def)             Requested size: 170.71652pt x 123.2938pt.
) [83

] (./Master.vrb
File: figure/LBL3a-1.pdf Graphic file (type pdf)
<use figure/LBL3a-1.pdf>
Package pdftex.def Info: figure/LBL3a-1.pdf  used on input line 4.
(pdftex.def)             Requested size: 170.71652pt x 123.2938pt.
) [84

]
\openout4 = `Master.vrb'.

 (./Master.vrb) [85

]
\openout4 = `Master.vrb'.


(./Master.vrb) [86

]
\openout4 = `Master.vrb'.

 (./Master.vrb) [87

] (./Master.vrb) [88

] (./Master.vrb)
[89

] (./Master.vrb) [90

] (./Master.vrb) [91

]
\openout4 = `Master.vrb'.

 (./Master.vrb) [92

] (./Master.vrb) [93

] (./Master.vrb) [94

] (./Master.vrb) [95

]
\openout4 = `Master.vrb'.

 (./Master.vrb) [96

] (./Master.vrb) [97

] (./Master.vrb) [98

] (./Master.vrb) [99

] (./Master.vrb) [100

]
\openout4 = `Master.vrb'.


(./Master.vrb) [101

]
\openout4 = `Master.vrb'.

 (./Master.vrb) [102

] (./Master.vrb) [103

] (./Master.vrb)
[104

] (./Master.vrb) [105

]
\openout4 = `Master.vrb'.

 (./Master.vrb) [106

]
\openout4 = `Master.vrb'.

 (./Master.vrb) [107

]
(./Master.vrb) [108

] (./Master.vrb) [109

] (./Master.vrb) [110

]
\openout4 = `Master.vrb'.

 (./Master.vrb)
[111

] (./Master.vrb) [112

]
\openout4 = `Master.vrb'.

 (./Master.vrb) [113

]
\openout4 = `Master.vrb'.

 (./Master.vrb) [114

]
\openout4 = `Master.vrb'.


(./Master.vrb) [115

]
\openout4 = `Master.vrb'.

 (./Master.vrb) [116

]
\openout4 = `Master.vrb'.

 (./Master.vrb) [117

]
\openout4 = `Master.vrb'.

 (./Master.vrb)
[118

]
\openout4 = `Master.vrb'.

 (./Master.vrb) [119

] (./Master.vrb) [120

] (./Master.vrb) [121

]
\openout4 = `Master.vrb'.


(./Master.vrb) [122

] (./Master.vrb) [123

]
\openout4 = `Master.vrb'.

 (./Master.vrb) [124

] (./Master.vrb)
[125

] (./Master.vrb) [126

] (./Master.vrb) [127

] (./Master.vrb) [128

]
\openout4 = `Master.vrb'.


(./Master.vrb) [129

]
\openout4 = `Master.vrb'.

 (./Master.vrb
<figure/LBLAc-1.pdf, id=3684, 289.08pt x 216.81pt>
File: figure/LBLAc-1.pdf Graphic file (type pdf)
<use figure/LBLAc-1.pdf>
Package pdftex.def Info: figure/LBLAc-1.pdf  used on input line 7.
(pdftex.def)             Requested size: 170.71652pt x 128.03587pt.
) [130

 <./figure/LBLAc-1.pdf>]
\openout4 = `Master.vrb'.

 (./Master.vrb) [131

]
\openout4 = `Master.vrb'.

 (./Master.vrb) [132

]
\openout4 = `Master.vrb'.

 (./Master.vrb) [133

]
\openout4 = `Master.vrb'.

 (./Master.vrb) [134

]
(./Master.vrb) [135

] (./Master.vrb) [136

]
\openout4 = `Master.vrb'.

 (./Master.vrb) [137

] (./Master.vrb)
[138

]
\openout4 = `Master.vrb'.

 (./Master.vrb) [139

]
\openout4 = `Master.vrb'.

 (./Master.vrb) [140

]
\openout4 = `Master.vrb'.

 (./Master.vrb) [141

]
\openout4 = `Master.vrb'.


(./Master.vrb) [142

]
\openout4 = `Master.vrb'.

 (./Master.vrb) [143

]
\openout4 = `Master.vrb'.

 (./Master.vrb) [144

]
\openout4 = `Master.vrb'.

 (./Master.vrb)
[145

]
\openout4 = `Master.vrb'.

 (./Master.vrb) [146

]
\openout4 = `Master.vrb'.

 (./Master.vrb) [147

]
\openout4 = `Master.vrb'.

 (./Master.vrb) [148

]
\openout4 = `Master.vrb'.


(./Master.vrb) [149

]
\openout4 = `Master.vrb'.

 (./Master.vrb) [150

]
\openout4 = `Master.vrb'.

 (./Master.vrb) [151

]
\openout4 = `Master.vrb'.

 (./Master.vrb)
[152

]
\openout4 = `Master.vrb'.

 (./Master.vrb) [153

] (./Master.vrb) [154

]
\openout4 = `Master.vrb'.

 (./Master.vrb) [155

]
(./Master.vrb) [156

]
\openout4 = `Master.vrb'.

 (./Master.vrb) [157

]
\openout4 = `Master.vrb'.

 (./Master.vrb) [158

]
\openout4 = `Master.vrb'.

 (./Master.vrb)
[159

]
\openout4 = `Master.vrb'.

 (./Master.vrb) [160

] (./Master.vrb) [161

] (./Master.vrb) [162

]
\openout4 = `Master.vrb'.


(./Master.vrb) [163

]
\openout4 = `Master.vrb'.

 (./Master.vrb) [164

] (./Master.vrb) [165

] (./Master.vrb)
[166

] (./Master.vrb) [167

]
\openout4 = `Master.vrb'.

 (./Master.vrb) [168

]
\openout4 = `Master.vrb'.

 (./Master.vrb) [169

]
(./Master.vrb) [170

] (./Master.vrb) [171

] (./Master.vrb) [172

]
\openout4 = `Master.vrb'.

 (./Master.vrb)
[173

] (./Master.vrb) [174

] (./Master.vrb) [175

] (./Master.vrb) [176

]
\openout4 = `Master.vrb'.


(./Master.vrb) [177

]
\openout4 = `Master.vrb'.

 (./Master.vrb) [178

]
\openout4 = `Master.vrb'.

 (./Master.vrb) [179

]
\openout4 = `Master.vrb'.

 (./Master.vrb)
[180

]
\openout4 = `Master.vrb'.

 (./Master.vrb) [181

]
\openout4 = `Master.vrb'.

 (./Master.vrb) [182

]
\openout4 = `Master.vrb'.

 (./Master.vrb) [183

]
\openout4 = `Master.vrb'.


(./Master.vrb) [184

]
\openout4 = `Master.vrb'.

 (./Master.vrb
<figure/LBL6a-1.pdf, id=5198, 289.08pt x 289.08pt>
File: figure/LBL6a-1.pdf Graphic file (type pdf)
<use figure/LBL6a-1.pdf>
Package pdftex.def Info: figure/LBL6a-1.pdf  used on input line 17.
(pdftex.def)             Requested size: 142.26378pt x 142.26357pt.
) [185

 <./figure/LBL6a-1.pdf>]
\openout4 = `Master.vrb'.

 (./Master.vrb) [186

]
\openout4 = `Master.vrb'.

 (./Master.vrb
<chapters/chapter6/ext_figure/norm1.png, id=5259, 388.45125pt x 293.095pt>
File: chapters/chapter6/ext_figure/norm1.png Graphic file (type png)
<use chapters/chapter6/ext_figure/norm1.png>
Package pdftex.def Info: chapters/chapter6/ext_figure/norm1.png  used on input 
line 3.
(pdftex.def)             Requested size: 227.62204pt x 171.74834pt.
) [187

 <./chapters/chapter6/ext_figure/norm1.png>]
\openout4 = `Master.vrb'.


(./Master.vrb
<chapters/chapter6/ext_figure/norm2.png, id=5289, 298.11375pt x 293.095pt>
File: chapters/chapter6/ext_figure/norm2.png Graphic file (type png)
<use chapters/chapter6/ext_figure/norm2.png>
Package pdftex.def Info: chapters/chapter6/ext_figure/norm2.png  used on input 
line 3.
(pdftex.def)             Requested size: 213.39566pt x 209.80283pt.
) [188

 <./chapters/chapter6/ext_figure/norm2.png>]
\openout4 = `Master.vrb'.

 (./Master.vrb
<chapters/chapter6/ext_figure/norm3.png, id=5318, 517.935pt x 233.87375pt>
File: chapters/chapter6/ext_figure/norm3.png Graphic file (type png)
<use chapters/chapter6/ext_figure/norm3.png>
Package pdftex.def Info: chapters/chapter6/ext_figure/norm3.png  used on input 
line 3.
(pdftex.def)             Requested size: 284.52756pt x 128.48463pt.
)
[189

 <./chapters/chapter6/ext_figure/norm3.png>]
\openout4 = `Master.vrb'.

 (./Master.vrb) [190

]
(./Master.vrb) [191

] (./Master.vrb) [192

]
\openout4 = `Master.vrb'.

 (./Master.vrb) [193

]
\openout4 = `Master.vrb'.

 (./Master.vrb
<chapters/chapter6/ext_figure/norm4.png, id=5457, 351.3125pt x 232.87pt>
File: chapters/chapter6/ext_figure/norm4.png Graphic file (type png)
<use chapters/chapter6/ext_figure/norm4.png>
Package pdftex.def Info: chapters/chapter6/ext_figure/norm4.png  used on input 
line 9.
(pdftex.def)             Requested size: 142.26378pt x 94.30116pt.
)
[194

 <./chapters/chapter6/ext_figure/norm4.png>]
\openout4 = `Master.vrb'.

 (./Master.vrb
<figure/LBL6b-1.pdf, id=5486, 289.08pt x 289.08pt>
File: figure/LBL6b-1.pdf Graphic file (type pdf)
<use figure/LBL6b-1.pdf>
Package pdftex.def Info: figure/LBL6b-1.pdf  used on input line 20.
(pdftex.def)             Requested size: 113.81102pt x 113.8082pt.
) [195

 <./figure/LBL6b-1.pdf>]
\openout4 = `Master.vrb'.

 (./Master.vrb) [196

]
\openout4 = `Master.vrb'.

 (./Master.vrb) [197

]
\openout4 = `Master.vrb'.

 (./Master.vrb) [198

]
(./Master.vrb) [199

] (./Master.vrb) [200

]
\openout4 = `Master.vrb'.

 (./Master.vrb) [201

]
\openout4 = `Master.vrb'.

 (./Master.vrb)
[202

] (./Master.vrb) [203

] (./Master.vrb) [204

]
\openout4 = `Master.vrb'.

 (./Master.vrb) [205

]
\openout4 = `Master.vrb'.


(./Master.vrb) [206

]
\openout4 = `Master.vrb'.

 (./Master.vrb) [207

]
\openout4 = `Master.vrb'.

 (./Master.vrb) [208

]
\openout4 = `Master.vrb'.

 (./Master.vrb)
[209

]
\openout4 = `Master.vrb'.

 (./Master.vrb) [210

]
\openout4 = `Master.vrb'.

 (./Master.vrb) [211

]
\openout4 = `Master.vrb'.

 (./Master.vrb) [212

]
(./Master.vrb) [213

]
\openout4 = `Master.vrb'.

 (./Master.vrb) [214

]
\openout4 = `Master.vrb'.

 (./Master.vrb) [215

]
\openout4 = `Master.vrb'.

 (./Master.vrb)
[216

] (./Master.vrb) [217

] (./Master.vrb) [218

] (./Master.vrb) [219

]
(./Master.vrb) [220

]
\openout4 = `Master.vrb'.

 (./Master.vrb) [221

]
\openout4 = `Master.vrb'.

 (./Master.vrb) [222

]
\openout4 = `Master.vrb'.

 (./Master.vrb)
[223

]
\openout4 = `Master.vrb'.

 (./Master.vrb) [224

] (./Master.vrb) [225

] (./Master.vrb) [226

]
(./Master.vrb) [227

]
\openout4 = `Master.vrb'.

 (./Master.vrb) [228

] (./Master.vrb) [229

] (./Master.vrb)
[230

] (./Master.vrb) [231

]
\openout4 = `Master.vrb'.

 (./Master.vrb) [232

] (./Master.vrb) [233

]
(./Master.vrb) [234

]
\openout4 = `Master.vrb'.

 (./Master.vrb) [235

] (./Master.vrb) [236

] (./Master.vrb)
[237

]
\openout4 = `Master.vrb'.

 (./Master.vrb) [238

]
\openout4 = `Master.vrb'.

 (./Master.vrb) [239

] (./Master.vrb) [240

]
(./Master.vrb) [241

]
\openout4 = `Master.vrb'.

 (./Master.vrb) [242

]
\openout4 = `Master.vrb'.

 (./Master.vrb
<figure/LBL8a-1.pdf, id=6810, 289.08pt x 289.08pt>
File: figure/LBL8a-1.pdf Graphic file (type pdf)
<use figure/LBL8a-1.pdf>
Package pdftex.def Info: figure/LBL8a-1.pdf  used on input line 25.
(pdftex.def)             Requested size: 99.58464pt x 99.58272pt.
) [243

 <./figure/LBL8a-1.pdf>]
\openout4 = `Master.vrb'.

 (./Master.vrb) [244

]
\openout4 = `Master.vrb'.

 (./Master.vrb) [245

]
\openout4 = `Master.vrb'.

 (./Master.vrb) [246

]
(./Master.vrb) [247

] (./Master.vrb) [248

] (./Master.vrb) [249

]
\openout4 = `Master.vrb'.

 (./Master.vrb)
[250

] (./Master.vrb) [251

] (./Master.vrb) [252

] (./Master.vrb) [253

]
(./Master.vrb) [254

]
\openout4 = `Master.vrb'.

 (./Master.vrb) [255

] (./Master.vrb) [256

] (./Master.vrb)
[257

] (./Master.vrb) [258

]
\openout4 = `Master.vrb'.

 (./Master.vrb) [259

] (./Master.vrb) [260

]
(./Master.vrb) [261

] (./Master.vrb) [262

]
\openout4 = `Master.vrb'.

 (./Master.vrb) [263

]
\openout4 = `Master.vrb'.

 (./Master.vrb)
[264

]
\openout4 = `Master.vrb'.

 (./Master.vrb) [265

]
\openout4 = `Master.vrb'.

 (./Master.vrb) [266

] (./Master.vrb) [267

]
(./Master.vrb) [268

] (./Master.vrb) [269

] (./Master.vrb) [270

] (./Master.vrb)
[271

]
\openout4 = `Master.vrb'.

 (./Master.vrb) [272

] (./Master.vrb) [273

] (./Master.vrb) [274

]
(./Master.vrb) [275

] (./Master.vrb) [276

]
\openout4 = `Master.vrb'.

 (./Master.vrb) [277

]
\openout4 = `Master.vrb'.

 (./Master.vrb)
[278

] (./Master.vrb) [279

] (./Master.vrb) [280

]
\openout4 = `Master.vrb'.

 (./Master.vrb) [281

]
(./Master.vrb) [282

] (./Master.vrb) [283

] (./Master.vrb) [284

]
\openout4 = `Master.vrb'.

 (./Master.vrb)
[285

]
\openout4 = `Master.vrb'.

 (./Master.vrb) [286

]
\openout4 = `Master.vrb'.

 (./Master.vrb) [287

]
\openout4 = `Master.vrb'.

 (./Master.vrb) [288

]
(./Master.vrb) [289

] (./Master.vrb) [290

] (./Master.vrb) [291

]
\openout4 = `Master.vrb'.

 (./Master.vrb)
[292

]
\openout4 = `Master.vrb'.

 (./Master.vrb) [293

]
\openout4 = `Master.vrb'.

 (./Master.vrb) [294

]
\openout4 = `Master.vrb'.

 (./Master.vrb) [295

]
\openout4 = `Master.vrb'.


(./Master.vrb) [296

]
\openout4 = `Master.vrb'.

 (./Master.vrb) [297

]
\openout4 = `Master.vrb'.

 (./Master.vrb) [298

]
\openout4 = `Master.vrb'.

 (./Master.vrb)
[299

]
\openout4 = `Master.vrb'.

 (./Master.vrb) [300

]
\openout4 = `Master.vrb'.

 (./Master.vrb) [301

]
\openout4 = `Master.vrb'.

 (./Master.vrb) [302

]
\openout4 = `Master.vrb'.


(./Master.vrb) [303

]
\openout4 = `Master.vrb'.

 (./Master.vrb) [304

]
\openout4 = `Master.vrb'.

 (./Master.vrb) [305

] (./Master.vrb)
[306

] (./Master.vrb) [307

] (./Master.vrb) [308

] (./Master.vrb) [309

]
(./Master.vrb) [310

]
\openout4 = `Master.vrb'.

 (./Master.vrb) [311

] (./Master.vrb) [312

] (./Master.vrb)
[313

] (./Master.vrb) [314

]
\openout4 = `Master.vrb'.

 (./Master.vrb) [315

] (./Master.vrb) [316

]
\openout4 = `Master.vrb'.


(./Master.vrb) [317

]
\openout4 = `Master.vrb'.

 (./Master.vrb) [318

]
\openout4 = `Master.vrb'.

 (./Master.vrb) [319

]
\openout4 = `Master.vrb'.

 (./Master.vrb)
[320

]
\openout4 = `Master.vrb'.

 (./Master.vrb) [321

]
\openout4 = `Master.vrb'.

 (./Master.vrb) [322

]
\openout4 = `Master.vrb'.

 (./Master.vrb) [323

]
\openout4 = `Master.vrb'.


(./Master.vrb) [324

]
\openout4 = `Master.vrb'.

 (./Master.vrb) [325

]
\openout4 = `Master.vrb'.

 (./Master.vrb) [326

]
\openout4 = `Master.vrb'.

 (./Master.vrb)
[327

]
\openout4 = `Master.vrb'.

 (./Master.vrb) [328

] (./Master.vrb) [329

] (./Master.vrb) [330

]
(./Master.vrb) [331

] (./Master.vrb) [332

]
\openout4 = `Master.vrb'.

 (./Master.vrb) [333

] (./Master.vrb)
[334

] (./Master.vrb) [335

] (./Master.vrb) [336

] (./Master.vrb) [337

]
\openout4 = `Master.vrb'.


(./Master.vrb) [338

] (./Master.vrb) [339

] (./Master.vrb) [340

]
\tf@nav=\write6
\openout6 = `Master.nav'.

\tf@toc=\write7
\openout7 = `Master.toc'.

\tf@snm=\write8
\openout8 = `Master.snm'.

Package atveryend Info: Empty hook `BeforeClearDocument' on input line 3217.
Package atveryend Info: Empty hook `AfterLastShipout' on input line 3217.
 (./Master.aux)
Package atveryend Info: Executing hook `AtVeryEndDocument' on input line 3217.
Package atveryend Info: Executing hook `AtEndAfterFileList' on input line 3217.

Package rerunfilecheck Info: File `Master.out' has not changed.
(rerunfilecheck)             Checksum: 690CEC0A1269B09C8F18A3F249735597;1066.
 ) 
Here is how much of TeX's memory you used:
 19605 strings out of 492646
 358120 string characters out of 6129563
 446044 words of memory out of 5000000
 21674 multiletter control sequences out of 15000+600000
 20925 words of font info for 78 fonts, out of 8000000 for 9000
 1141 hyphenation exceptions out of 8191
 56i,15n,63p,844b,813s stack positions out of 5000i,500n,10000p,200000b,80000s
</usr/local/texlive/2018/texmf-dist/fonts/type1/public/amsfonts/cm/cmex10.pfb
></usr/local/texlive/2018/texmf-dist/fonts/type1/public/amsfonts/cmextra/cmex8.
pfb></usr/local/texlive/2018/texmf-dist/fonts/type1/public/amsfonts/cm/cmmi10.p
fb></usr/local/texlive/2018/texmf-dist/fonts/type1/public/amsfonts/cm/cmmi12.pf
b></usr/local/texlive/2018/texmf-dist/fonts/type1/public/amsfonts/cm/cmmi7.pfb>
</usr/local/texlive/2018/texmf-dist/fonts/type1/public/amsfonts/cm/cmmi8.pfb></
usr/local/texlive/2018/texmf-dist/fonts/type1/public/amsfonts/cm/cmss10.pfb></u
sr/local/texlive/2018/texmf-dist/fonts/type1/public/amsfonts/cm/cmss12.pfb></us
r/local/texlive/2018/texmf-dist/fonts/type1/public/amsfonts/cm/cmss17.pfb></usr
/local/texlive/2018/texmf-dist/fonts/type1/public/amsfonts/cm/cmss8.pfb></usr/l
ocal/texlive/2018/texmf-dist/fonts/type1/public/amsfonts/cm/cmssbx10.pfb></usr/
local/texlive/2018/texmf-dist/fonts/type1/public/amsfonts/cm/cmssi10.pfb></usr/
local/texlive/2018/texmf-dist/fonts/type1/public/amsfonts/cm/cmssi12.pfb></usr/
local/texlive/2018/texmf-dist/fonts/type1/public/amsfonts/cm/cmssi17.pfb></usr/
local/texlive/2018/texmf-dist/fonts/type1/public/amsfonts/cm/cmssi8.pfb></usr/l
ocal/texlive/2018/texmf-dist/fonts/type1/public/amsfonts/cm/cmsy10.pfb></usr/lo
cal/texlive/2018/texmf-dist/fonts/type1/public/amsfonts/cm/cmsy7.pfb></usr/loca
l/texlive/2018/texmf-dist/fonts/type1/public/amsfonts/cm/cmsy8.pfb></usr/local/
texlive/2018/texmf-dist/fonts/type1/public/amsfonts/cm/cmtt10.pfb></usr/local/t
exlive/2018/texmf-dist/fonts/type1/public/amsfonts/cm/cmtt12.pfb></usr/local/te
xlive/2018/texmf-dist/fonts/type1/public/amsfonts/cm/cmtt8.pfb>
Output written on Master.pdf (340 pages, 1284269 bytes).
PDF statistics:
 9766 PDF objects out of 10688 (max. 8388607)
 9266 compressed objects within 93 object streams
 694 named destinations out of 1000 (max. 500000)
 257 words of extra memory for PDF output out of 10000 (max. 10000000)

